<?xml version="1.0" encoding="UTF-8" ?>
<testsuite tests="5" failures="0" name="g56935.dev1.td10.Exercice05Test" time="0.01" errors="0" skipped="0">
  <properties>
[...]
</properties>
  <testcase classname="g56935.dev1.td10.Exercice05Test" name="testNbOccurencesLettrePresenteAvecLettreEnMajuscule" time="0.01"/>
  <testcase classname="g56935.dev1.td10.Exercice05Test" name="testNbOccurencesLettrePresenteAvecMajusculesDansTexte" time="0"/>
  <testcase classname="g56935.dev1.td10.Exercice05Test" name="testNbOccurencesLettreAbsente" time="0"/>
  <testcase classname="g56935.dev1.td10.Exercice05Test" name="testNbOccurencesLettrePresenteUneFois" time="0"/>
  <testcase classname="g56935.dev1.td10.Exercice05Test" name="testNbOccurencesLettrePresentePlusDuneFois" time="0"/>
</testsuite>